<?xml version="1.0" encoding="UTF-8"?>
<!-- Generated by org.testng.reporters.JUnitXMLReporter -->
<testsuite hostname="tarena-PC" name="Command line test d3565a2b-5c54-44a7-8e47-c0fc569f4207" tests="3" failures="0" timestamp="28 Mar 2018 07:24:20 GMT" time="0.016" errors="0">
  <testcase name="f1" time="0.0090" classname="tedu.NewTest2"/>
  <testcase name="f2" time="0.0" classname="tedu.NewTest2"/>
  <testcase name="f4" time="0.0" classname="tedu.NewTest2"/>
</testsuite> <!-- Command line test d3565a2b-5c54-44a7-8e47-c0fc569f4207 -->
