<?xml version="1.0" encoding="UTF-8"?>
<testng-results skipped="0" failed="0" total="6" passed="6">
  <reporter-output>
  </reporter-output>
  <suite name="Suite" duration-ms="73331" started-at="2018-04-09T00:33:33Z" finished-at="2018-04-09T00:34:46Z">
    <groups>
    </groups>
    <test name="TestFirefox" duration-ms="42201" started-at="2018-04-09T00:33:33Z" finished-at="2018-04-09T00:34:15Z">
      <class name="ecshop.TestAdvancedSearch">
        <test-method status="PASS" signature="beforeMethod(java.lang.String)[pri:0, instance:ecshop.TestAdvancedSearch@1576e70]" name="beforeMethod" is-config="true" duration-ms="9660" started-at="2018-04-09T08:33:33Z" finished-at="2018-04-09T08:33:43Z">
          <params>
            <param index="0">
              <value>
                <![CDATA[firefox]]>
              </value>
            </param>
          </params>
          <reporter-output>
          </reporter-output>
        </test-method> <!-- beforeMethod -->
        <test-method status="PASS" signature="f(java.lang.String, java.lang.String, java.lang.String, java.lang.String, java.lang.String, java.lang.String, java.lang.String, java.lang.String, java.lang.String)[pri:0, instance:ecshop.TestAdvancedSearch@1576e70]" name="f" duration-ms="4603" started-at="2018-04-09T08:33:43Z" data-provider="dp" finished-at="2018-04-09T08:33:47Z">
          <params>
            <param index="0">
              <value>
                <![CDATA[b]]>
              </value>
            </param>
            <param index="1">
              <value>
                <![CDATA[手机类型]]>
              </value>
            </param>
            <param index="2">
              <value>
                <![CDATA[三星]]>
              </value>
            </param>
            <param index="3">
              <value>
                <![CDATA[1]]>
              </value>
            </param>
            <param index="4">
              <value>
                <![CDATA[6000]]>
              </value>
            </param>
            <param index="5">
              <value>
                <![CDATA[请选择]]>
              </value>
            </param>
            <param index="6">
              <value>
                <![CDATA[]]>
              </value>
            </param>
            <param index="7">
              <value>
                <![CDATA[]]>
              </value>
            </param>
            <param index="8">
              <value>
                <![CDATA[1]]>
              </value>
            </param>
          </params>
          <reporter-output>
          </reporter-output>
        </test-method> <!-- f -->
        <test-method status="PASS" signature="afterMethod()[pri:0, instance:ecshop.TestAdvancedSearch@1576e70]" name="afterMethod" is-config="true" duration-ms="295" started-at="2018-04-09T08:33:47Z" finished-at="2018-04-09T08:33:48Z">
          <reporter-output>
          </reporter-output>
        </test-method> <!-- afterMethod -->
        <test-method status="PASS" signature="beforeMethod(java.lang.String)[pri:0, instance:ecshop.TestAdvancedSearch@1576e70]" name="beforeMethod" is-config="true" duration-ms="8368" started-at="2018-04-09T08:33:48Z" finished-at="2018-04-09T08:33:56Z">
          <params>
            <param index="0">
              <value>
                <![CDATA[firefox]]>
              </value>
            </param>
          </params>
          <reporter-output>
          </reporter-output>
        </test-method> <!-- beforeMethod -->
        <test-method status="PASS" signature="f(java.lang.String, java.lang.String, java.lang.String, java.lang.String, java.lang.String, java.lang.String, java.lang.String, java.lang.String, java.lang.String)[pri:0, instance:ecshop.TestAdvancedSearch@1576e70]" name="f" duration-ms="6596" started-at="2018-04-09T08:33:56Z" data-provider="dp" finished-at="2018-04-09T08:34:02Z">
          <params>
            <param index="0">
              <value>
                <![CDATA[n]]>
              </value>
            </param>
            <param index="1">
              <value>
                <![CDATA[手机类型]]>
              </value>
            </param>
            <param index="2">
              <value>
                <![CDATA[联想]]>
              </value>
            </param>
            <param index="3">
              <value>
                <![CDATA[100]]>
              </value>
            </param>
            <param index="4">
              <value>
                <![CDATA[2000]]>
              </value>
            </param>
            <param index="5">
              <value>
                <![CDATA[精品手机]]>
              </value>
            </param>
            <param index="6">
              <value>
                <![CDATA[2008年06月]]>
              </value>
            </param>
            <param index="7">
              <value>
                <![CDATA[灰色]]>
              </value>
            </param>
            <param index="8">
              <value>
                <![CDATA[1]]>
              </value>
            </param>
          </params>
          <reporter-output>
          </reporter-output>
        </test-method> <!-- f -->
        <test-method status="PASS" signature="afterMethod()[pri:0, instance:ecshop.TestAdvancedSearch@1576e70]" name="afterMethod" is-config="true" duration-ms="312" started-at="2018-04-09T08:34:02Z" finished-at="2018-04-09T08:34:03Z">
          <reporter-output>
          </reporter-output>
        </test-method> <!-- afterMethod -->
        <test-method status="PASS" signature="beforeMethod(java.lang.String)[pri:0, instance:ecshop.TestAdvancedSearch@1576e70]" name="beforeMethod" is-config="true" duration-ms="7549" started-at="2018-04-09T08:34:03Z" finished-at="2018-04-09T08:34:10Z">
          <params>
            <param index="0">
              <value>
                <![CDATA[firefox]]>
              </value>
            </param>
          </params>
          <reporter-output>
          </reporter-output>
        </test-method> <!-- beforeMethod -->
        <test-method status="PASS" signature="f(java.lang.String, java.lang.String, java.lang.String, java.lang.String, java.lang.String, java.lang.String, java.lang.String, java.lang.String, java.lang.String)[pri:0, instance:ecshop.TestAdvancedSearch@1576e70]" name="f" duration-ms="4533" started-at="2018-04-09T08:34:10Z" data-provider="dp" finished-at="2018-04-09T08:34:15Z">
          <params>
            <param index="0">
              <value>
                <![CDATA[t]]>
              </value>
            </param>
            <param index="1">
              <value>
                <![CDATA[充值卡]]>
              </value>
            </param>
            <param index="2">
              <value>
                <![CDATA[LG]]>
              </value>
            </param>
            <param index="3">
              <value>
                <![CDATA[50]]>
              </value>
            </param>
            <param index="4">
              <value>
                <![CDATA[500]]>
              </value>
            </param>
            <param index="5">
              <value>
                <![CDATA[请选择]]>
              </value>
            </param>
            <param index="6">
              <value>
                <![CDATA[]]>
              </value>
            </param>
            <param index="7">
              <value>
                <![CDATA[]]>
              </value>
            </param>
            <param index="8">
              <value>
                <![CDATA[0]]>
              </value>
            </param>
          </params>
          <reporter-output>
          </reporter-output>
        </test-method> <!-- f -->
        <test-method status="PASS" signature="afterMethod()[pri:0, instance:ecshop.TestAdvancedSearch@1576e70]" name="afterMethod" is-config="true" duration-ms="268" started-at="2018-04-09T08:34:15Z" finished-at="2018-04-09T08:34:15Z">
          <reporter-output>
          </reporter-output>
        </test-method> <!-- afterMethod -->
      </class> <!-- ecshop.TestAdvancedSearch -->
    </test> <!-- TestFirefox -->
    <test name="TestIE" duration-ms="31091" started-at="2018-04-09T00:34:15Z" finished-at="2018-04-09T00:34:46Z">
      <class name="ecshop.TestAdvancedSearch">
        <test-method status="PASS" signature="beforeMethod(java.lang.String)[pri:0, instance:ecshop.TestAdvancedSearch@18a49e0]" name="beforeMethod" is-config="true" duration-ms="2392" started-at="2018-04-09T08:34:15Z" finished-at="2018-04-09T08:34:18Z">
          <params>
            <param index="0">
              <value>
                <![CDATA[ie]]>
              </value>
            </param>
          </params>
          <reporter-output>
          </reporter-output>
        </test-method> <!-- beforeMethod -->
        <test-method status="PASS" signature="f(java.lang.String, java.lang.String, java.lang.String, java.lang.String, java.lang.String, java.lang.String, java.lang.String, java.lang.String, java.lang.String)[pri:0, instance:ecshop.TestAdvancedSearch@18a49e0]" name="f" duration-ms="5605" started-at="2018-04-09T08:34:18Z" data-provider="dp" finished-at="2018-04-09T08:34:23Z">
          <params>
            <param index="0">
              <value>
                <![CDATA[b]]>
              </value>
            </param>
            <param index="1">
              <value>
                <![CDATA[手机类型]]>
              </value>
            </param>
            <param index="2">
              <value>
                <![CDATA[三星]]>
              </value>
            </param>
            <param index="3">
              <value>
                <![CDATA[1]]>
              </value>
            </param>
            <param index="4">
              <value>
                <![CDATA[6000]]>
              </value>
            </param>
            <param index="5">
              <value>
                <![CDATA[请选择]]>
              </value>
            </param>
            <param index="6">
              <value>
                <![CDATA[]]>
              </value>
            </param>
            <param index="7">
              <value>
                <![CDATA[]]>
              </value>
            </param>
            <param index="8">
              <value>
                <![CDATA[1]]>
              </value>
            </param>
          </params>
          <reporter-output>
          </reporter-output>
        </test-method> <!-- f -->
        <test-method status="PASS" signature="afterMethod()[pri:0, instance:ecshop.TestAdvancedSearch@18a49e0]" name="afterMethod" is-config="true" duration-ms="1113" started-at="2018-04-09T08:34:23Z" finished-at="2018-04-09T08:34:24Z">
          <reporter-output>
          </reporter-output>
        </test-method> <!-- afterMethod -->
        <test-method status="PASS" signature="beforeMethod(java.lang.String)[pri:0, instance:ecshop.TestAdvancedSearch@18a49e0]" name="beforeMethod" is-config="true" duration-ms="2301" started-at="2018-04-09T08:34:24Z" finished-at="2018-04-09T08:34:27Z">
          <params>
            <param index="0">
              <value>
                <![CDATA[ie]]>
              </value>
            </param>
          </params>
          <reporter-output>
          </reporter-output>
        </test-method> <!-- beforeMethod -->
        <test-method status="PASS" signature="f(java.lang.String, java.lang.String, java.lang.String, java.lang.String, java.lang.String, java.lang.String, java.lang.String, java.lang.String, java.lang.String)[pri:0, instance:ecshop.TestAdvancedSearch@18a49e0]" name="f" duration-ms="9540" started-at="2018-04-09T08:34:27Z" data-provider="dp" finished-at="2018-04-09T08:34:36Z">
          <params>
            <param index="0">
              <value>
                <![CDATA[n]]>
              </value>
            </param>
            <param index="1">
              <value>
                <![CDATA[手机类型]]>
              </value>
            </param>
            <param index="2">
              <value>
                <![CDATA[联想]]>
              </value>
            </param>
            <param index="3">
              <value>
                <![CDATA[100]]>
              </value>
            </param>
            <param index="4">
              <value>
                <![CDATA[2000]]>
              </value>
            </param>
            <param index="5">
              <value>
                <![CDATA[精品手机]]>
              </value>
            </param>
            <param index="6">
              <value>
                <![CDATA[2008年06月]]>
              </value>
            </param>
            <param index="7">
              <value>
                <![CDATA[灰色]]>
              </value>
            </param>
            <param index="8">
              <value>
                <![CDATA[1]]>
              </value>
            </param>
          </params>
          <reporter-output>
          </reporter-output>
        </test-method> <!-- f -->
        <test-method status="PASS" signature="afterMethod()[pri:0, instance:ecshop.TestAdvancedSearch@18a49e0]" name="afterMethod" is-config="true" duration-ms="1116" started-at="2018-04-09T08:34:36Z" finished-at="2018-04-09T08:34:37Z">
          <reporter-output>
          </reporter-output>
        </test-method> <!-- afterMethod -->
        <test-method status="PASS" signature="beforeMethod(java.lang.String)[pri:0, instance:ecshop.TestAdvancedSearch@18a49e0]" name="beforeMethod" is-config="true" duration-ms="2251" started-at="2018-04-09T08:34:37Z" finished-at="2018-04-09T08:34:40Z">
          <params>
            <param index="0">
              <value>
                <![CDATA[ie]]>
              </value>
            </param>
          </params>
          <reporter-output>
          </reporter-output>
        </test-method> <!-- beforeMethod -->
        <test-method status="PASS" signature="f(java.lang.String, java.lang.String, java.lang.String, java.lang.String, java.lang.String, java.lang.String, java.lang.String, java.lang.String, java.lang.String)[pri:0, instance:ecshop.TestAdvancedSearch@18a49e0]" name="f" duration-ms="5642" started-at="2018-04-09T08:34:40Z" data-provider="dp" finished-at="2018-04-09T08:34:45Z">
          <params>
            <param index="0">
              <value>
                <![CDATA[t]]>
              </value>
            </param>
            <param index="1">
              <value>
                <![CDATA[充值卡]]>
              </value>
            </param>
            <param index="2">
              <value>
                <![CDATA[LG]]>
              </value>
            </param>
            <param index="3">
              <value>
                <![CDATA[50]]>
              </value>
            </param>
            <param index="4">
              <value>
                <![CDATA[500]]>
              </value>
            </param>
            <param index="5">
              <value>
                <![CDATA[请选择]]>
              </value>
            </param>
            <param index="6">
              <value>
                <![CDATA[]]>
              </value>
            </param>
            <param index="7">
              <value>
                <![CDATA[]]>
              </value>
            </param>
            <param index="8">
              <value>
                <![CDATA[0]]>
              </value>
            </param>
          </params>
          <reporter-output>
          </reporter-output>
        </test-method> <!-- f -->
        <test-method status="PASS" signature="afterMethod()[pri:0, instance:ecshop.TestAdvancedSearch@18a49e0]" name="afterMethod" is-config="true" duration-ms="1129" started-at="2018-04-09T08:34:45Z" finished-at="2018-04-09T08:34:46Z">
          <reporter-output>
          </reporter-output>
        </test-method> <!-- afterMethod -->
      </class> <!-- ecshop.TestAdvancedSearch -->
    </test> <!-- TestIE -->
  </suite> <!-- Suite -->
</testng-results>
